
================== ASTRAL ===================== 

This is ASTRAL version 5.7.8
Gene trees are treated as unrooted
1000 trees read from /projects/psg/people/crq857/Chapter2/05_Phylogenomics/ASTRAL_vcf/treefileslist.txt
index0
All output trees will be *arbitrarily* rooted at AndeanFox

======== Running the main analysis
Number of taxa: 107 (107 species)
Taxa: [AndeanFox, Africanwolf_CRR010907_Algeria, Wolf_Shanxi2_SAMN03168395, China_SRR20326479_Sichuan, Tibetanwolf_MYL_SAMN12565073, Wolf_Tibetan_CAN32, Wolf_Tibetan_CAN9A, Wolf_Tajikistan_SRR20326381, Tibetanwolf_BH4, Wolf_Iran_Tehran_SRR12009567, Wolf_Qinghai_CAN11, Wolf_Qinghai_CAN16, Wolf_Russia_750125-33D, Wolf_Spain_Iberian, Wolf_Portugal, Wolf_RussiaAtlai_GW1, Wolf_Syria, Wolf_SaudiArabia, Wolf_Ukraine_MW707, Wolf_Russia_750016, Wolf_Bosnia_MW703A, Wolf_Bulgaria_MW706A, Indianwolf_BH123, Indianwolf_BH126, Wolf_Iran_Kerman_SRR12009566, Wolf_Karakoram_S19_10678, Wolf_Tajikistan_SRR20326250, Indianwolf_SRR13985171, Wolf_Iran_Hajjiabad, Wolf_Tajikistan_SRR20326251, Lebanonwolf, Wolf_DGKhan_S19_10680, Wolf_Punjab_S21_1039, Wolf_GeneralIran, Indianwolf_BH124, Wolf_Iran_Tehran_SRR20326408, Wolf_Austria_MW515, Wolf_Lithuania_MW020, Wolf_Mongolia_MW574, Wolf_Tajikistan_SRR20326385, Wolf_Chitral_S21_1038, Wolf_Kolhu_S21_1037, Wolf_Chitral_S21_1042, Wolf_Czech_MW045, China_SRR20326483_Xinjiang, China_SRR20326484_Xinjiang, Wolf_Russia_SRR20326400, Wolf_Russia_SRR20326403, Wolf_Xinjiang_CAN30, Wolf_China_Shanxi1, Wolf_Kyrgyzstan_SRR20326406, Wolf_Tajikistan_SRR20326384, Wolf_Tajikistan_SRR20326382, Wolf_China_InnerMong_Wang_GW4, Wolf_Slovakia_MW339, Wolf_ChukotkaRussia_Wang_GW2, Wolf_Kazakhstan_750114-25D, Wolf_Russia_SRR20326404, Wolf_Iran_Hamadan, Wolf_Kazakhstan_750119, Wolf_Russia_SRR20326388, Wolf_Kazakhstan_SRR20326405, Wolf_Iran_Tehran_SRR20326410, Wolf_Russia_SRR20326401, Wolf_MW486_Russia, Wolf_Germany_MW055, Wolf_Tajikisan_SRR20326383, Wolf_MW062_Romania, Wolf_Mexican1, Wolf_AlaskanWolf, Wolf_Mongolia_MW561, Wolf_Russia_MW524, Wolf_SierraMorena, Wolf__Kyrgyz180, Wolf_Russia_GW3, Wolf_Croatia_MW1126, Wolf_Greece_MW1135, Wolf_Russia_7502882, Coyote_SRR1518489_Illinois, Coyote_California, Indianwolf_BH6, Wolf_Iran_Zanjan, Wolf_Karakoram_S19_10679, Wolf_Xinjiang_CAN24, Wolf_Kazakhstan_750117, Wolf_Russia_MW538, China_SRR20326485_Xinjiang, China_SRR20326491_Heilongjiang, Wolf_Kyrgyz179, Wolf_Arctic_Ellesmere1, Wolf_China_LiaoNing, Wolf_InnerMongoliia_CAN7, Wolf_Mongolia_MW588, Wolf_InnerMongolia_CAN6, Wolf_Italy_ItalianWolf_SAMN02921313, Wolf_China_InnerMongoliaWolf, Wolf_Israel_S21_2743, Wolf_Turkey, Africanwolf_Kenya_Klaus, Africanwolf_SRR8049196_Ethiopia, Dhole_BerlinZoo, Wolf_Finland_MW347, Wolf_Waziristan_S21_1041, Wolf_Norway_MW005, Tibetanwolf_BH1, Goldenjackal_Syria, Africanwolf_ERR4372262_Morocco]
Taxon occupancy: {China_SRR20326484_Xinjiang=1000, Wolf_Xinjiang_CAN24=1000, Wolf_Kyrgyz179=1000, Lebanonwolf=1000, Wolf_Russia_SRR20326400=1000, Coyote_SRR1518489_Illinois=1000, Wolf_Russia_SRR20326401=1000, Wolf_Russia_SRR20326403=1000, Wolf_Russia_SRR20326404=1000, Wolf_Austria_MW515=1000, Wolf_China_InnerMong_Wang_GW4=1000, Wolf_Tibetan_CAN9A=1000, Wolf_Iran_Zanjan=1000, Wolf_AlaskanWolf=1000, Wolf_Germany_MW055=1000, Africanwolf_Kenya_Klaus=1000, Wolf_Bulgaria_MW706A=1000, China_SRR20326483_Xinjiang=1000, Wolf_Greece_MW1135=1000, Wolf_Kazakhstan_SRR20326405=1000, Wolf_Slovakia_MW339=1000, Wolf_Croatia_MW1126=1000, Wolf_Tibetan_CAN32=1000, Wolf_Iran_Tehran_SRR20326408=1000, Wolf_Russia_SRR20326388=1000, Wolf_Finland_MW347=1000, Indianwolf_BH126=1000, Indianwolf_BH123=1000, Wolf_Russia_7502882=1000, Indianwolf_BH124=1000, Wolf_Mexican1=1000, Wolf_Russia_750016=1000, Wolf_InnerMongolia_CAN6=1000, Wolf_Chitral_S21_1042=1000, Wolf_China_InnerMongoliaWolf=1000, Wolf_Kyrgyzstan_SRR20326406=1000, Wolf_China_LiaoNing=1000, Wolf_Spain_Iberian=1000, AndeanFox=1000, Tibetanwolf_MYL_SAMN12565073=1000, Wolf_SaudiArabia=1000, Wolf_Xinjiang_CAN30=1000, Wolf_Iran_Tehran_SRR20326410=1000, Wolf_Kazakhstan_750117=1000, Wolf_Mongolia_MW561=1000, Africanwolf_SRR8049196_Ethiopia=1000, Wolf_InnerMongoliia_CAN7=1000, Wolf_Kazakhstan_750119=1000, Wolf_Italy_ItalianWolf_SAMN02921313=1000, Wolf_Punjab_S21_1039=1000, Wolf_Chitral_S21_1038=1000, Wolf_Lithuania_MW020=1000, Wolf_Iran_Tehran_SRR12009567=1000, Wolf_Russia_750125-33D=1000, Wolf_MW062_Romania=1000, Goldenjackal_Syria=1000, Indianwolf_SRR13985171=1000, Wolf_Kazakhstan_750114-25D=1000, Wolf_Mongolia_MW574=1000, Africanwolf_ERR4372262_Morocco=1000, Wolf_Portugal=1000, Wolf_Qinghai_CAN16=1000, Wolf_Arctic_Ellesmere1=1000, Wolf_Karakoram_S19_10679=1000, Wolf_Karakoram_S19_10678=1000, Wolf_Bosnia_MW703A=1000, Wolf_Israel_S21_2743=1000, Wolf_Qinghai_CAN11=1000, Wolf_Iran_Kerman_SRR12009566=1000, Wolf_Iran_Hajjiabad=1000, Wolf_GeneralIran=1000, Wolf_Mongolia_MW588=1000, China_SRR20326479_Sichuan=1000, Wolf_Tajikistan_SRR20326384=1000, Wolf_Czech_MW045=1000, Wolf_Tajikistan_SRR20326382=1000, Wolf_Tajikistan_SRR20326381=1000, Wolf_Turkey=1000, Wolf_Tajikistan_SRR20326385=1000, Wolf_RussiaAtlai_GW1=1000, Wolf_Ukraine_MW707=1000, Wolf__Kyrgyz180=1000, Wolf_SierraMorena=1000, Wolf_DGKhan_S19_10680=1000, Wolf_MW486_Russia=1000, Wolf_Tajikistan_SRR20326251=1000, Wolf_Tajikistan_SRR20326250=1000, Wolf_Tajikisan_SRR20326383=1000, Africanwolf_CRR010907_Algeria=1000, Wolf_ChukotkaRussia_Wang_GW2=1000, Wolf_Kolhu_S21_1037=1000, China_SRR20326485_Xinjiang=1000, Dhole_BerlinZoo=1000, Wolf_Russia_MW524=1000, Wolf_China_Shanxi1=1000, Coyote_California=1000, Tibetanwolf_BH1=1000, Wolf_Waziristan_S21_1041=1000, Tibetanwolf_BH4=1000, Wolf_Norway_MW005=1000, Wolf_Shanxi2_SAMN03168395=1000, Wolf_Iran_Hamadan=1000, Wolf_Russia_MW538=1000, Wolf_Syria=1000, Wolf_Russia_GW3=1000, Indianwolf_BH6=1000, China_SRR20326491_Heilongjiang=1000}
Number of gene trees: 1000
0 trees have missing taxa
Calculating quartet distance matrix (for completion of X)
Species tree distances calculated ...
Building set of clusters (X) from gene trees 
------------------------------
gradient0: 160103
Number of Clusters after addition by distance: 160103
calculating extra bipartitions to be added at level 1 ...
Adding to X using resolutions of greedy consensus ...
Limit for sigma of degrees:2725
polytomy size limit : 50
discarded polytomies: 66 85 96 98 101  [28, 50, 66, 85, 96, 98, 101]
Threshold 0.0:
polytomy of size 28; rounds with additions with at least 5 support: 50; clusters: 174507
Threshold 0.01:
polytomy of size 50; rounds with additions with at least 5 support: 50; clusters: 217865
Threshold 0.02:
polytomy of size 66; rounds with additions with at least 5 support: 9; clusters: 219349
Threshold 0.05:
polytomy of size 85; rounds with additions with at least 5 support: 0; clusters: 219875
Threshold 0.1:
polytomy of size 96; rounds with additions with at least 5 support: 0; clusters: 219977
Threshold 0.2:
polytomy of size 98; rounds with additions with at least 5 support: 0; clusters: 219977
Threshold 0.3333333333333333:
polytomy of size 101; rounds with additions with at least 5 support: 0; clusters: 219977
max k is :100
Number of Clusters after addition by greedy: 219977
gradient0 in heuristiic: 219977
partitions formed in 249.672 secs
Dynamic Programming starting after 249.672 secs
Using tree-based weight calculation.
Using polytree-based weight calculation.
Polytree max score: 5160610000
Polytree building time: 2.675 seconds.
Number of quartet trees in the gene trees: 5160610000
Size of largest cluster: 107
Greedy score: 1925195885
estimationFactor: 2.680563593662574
Sub-optimal score: 1929280037
Calculated 100000 weights; time (seconds): 423
Calculated 200000 weights; time (seconds): 205
Calculated 300000 weights; time (seconds): 199
Calculated 400000 weights; time (seconds): 192
Total Number of elements weighted: 425854
Normalized score (portion of input quartet trees satisfied before correcting for multiple individuals): 0.3835901998019614
Optimization score: 1979559421
Optimal tree inferred in 1069.167 secs.
(Indianwolf_BH126,(Indianwolf_BH123,(Indianwolf_BH124,(Indianwolf_SRR13985171,(Indianwolf_BH6,(Wolf_DGKhan_S19_10680,(Wolf_Kolhu_S21_1037,(Wolf_Punjab_S21_1039,(Wolf_Waziristan_S21_1041,((Wolf_Karakoram_S19_10678,Wolf_Karakoram_S19_10679),(Wolf_Chitral_S21_1042,(Wolf_Chitral_S21_1038,((Wolf_Turkey,(((Lebanonwolf,Wolf_Israel_S21_2743),(Wolf_Syria,Wolf_SaudiArabia)),(Wolf_GeneralIran,((Wolf_Iran_Hamadan,(Wolf_Iran_Kerman_SRR12009566,Wolf_Iran_Hajjiabad)),((Wolf_Iran_Tehran_SRR12009567,Wolf_Iran_Tehran_SRR20326410),(Wolf_Iran_Tehran_SRR20326408,Wolf_Iran_Zanjan)))))),(((Wolf__Kyrgyz180,Wolf_Kyrgyz179),((Wolf_Tajikisan_SRR20326383,((Wolf_Tajikistan_SRR20326384,Wolf_Tajikistan_SRR20326382),(Wolf_Tajikistan_SRR20326381,(Wolf_Tajikistan_SRR20326250,(Wolf_Tajikistan_SRR20326251,Wolf_Tajikistan_SRR20326385))))),((Wolf_Kyrgyzstan_SRR20326406,Wolf_Kazakhstan_SRR20326405),((Wolf_Russia_SRR20326403,Wolf_Russia_SRR20326404),(China_SRR20326483_Xinjiang,(China_SRR20326484_Xinjiang,China_SRR20326485_Xinjiang)))))),(((Tibetanwolf_BH1,(Tibetanwolf_BH4,(China_SRR20326479_Sichuan,(Tibetanwolf_MYL_SAMN12565073,(Wolf_Qinghai_CAN11,(Wolf_Qinghai_CAN16,(Wolf_Tibetan_CAN32,Wolf_Tibetan_CAN9A))))))),((Coyote_SRR1518489_Illinois,Coyote_California),((Goldenjackal_Syria,(AndeanFox,Dhole_BerlinZoo)),((Africanwolf_CRR010907_Algeria,Africanwolf_ERR4372262_Morocco),(Africanwolf_Kenya_Klaus,Africanwolf_SRR8049196_Ethiopia))))),(((Wolf_Mexican1,(Wolf_AlaskanWolf,Wolf_Arctic_Ellesmere1)),(((Wolf_Russia_MW524,Wolf_Russia_MW538),(Wolf_Russia_SRR20326400,Wolf_Russia_SRR20326401)),((Wolf_Mongolia_MW561,(Wolf_Mongolia_MW574,Wolf_Mongolia_MW588)),(((Wolf_RussiaAtlai_GW1,Wolf_ChukotkaRussia_Wang_GW2),(Wolf_Xinjiang_CAN30,Wolf_Xinjiang_CAN24)),((Wolf_Shanxi2_SAMN03168395,Wolf_China_Shanxi1),((Wolf_InnerMongolia_CAN6,(Wolf_China_LiaoNing,Wolf_InnerMongoliia_CAN7)),(China_SRR20326491_Heilongjiang,(Wolf_China_InnerMong_Wang_GW4,Wolf_China_InnerMongoliaWolf)))))))),(Wolf_Russia_SRR20326388,((Wolf_Kazakhstan_750117,(Wolf_Kazakhstan_750114-25D,Wolf_Kazakhstan_750119)),((Wolf_Italy_ItalianWolf_SAMN02921313,(Wolf_SierraMorena,(Wolf_Spain_Iberian,Wolf_Portugal))),((Wolf_Russia_750016,Wolf_Russia_7502882),(((Wolf_Lithuania_MW020,Wolf_MW486_Russia),(Wolf_Finland_MW347,Wolf_Norway_MW005)),(Wolf_Russia_750125-33D,((Wolf_Ukraine_MW707,(Wolf_Russia_GW3,(Wolf_Austria_MW515,(Wolf_Czech_MW045,Wolf_Germany_MW055)))),(Wolf_Slovakia_MW339,(Wolf_MW062_Romania,((Wolf_Bosnia_MW703A,Wolf_Bulgaria_MW706A),(Wolf_Croatia_MW1126,Wolf_Greece_MW1135)))))))))))))))))))))))))));
Final quartet score is: 1979559421
Final normalized quartet score is: 0.3835901998019614
Extended species tree:
(AndeanFox,(Dhole_BerlinZoo,(Goldenjackal_Syria,(((Africanwolf_CRR010907_Algeria,Africanwolf_ERR4372262_Morocco)36.92:0.054753663814946306,(Africanwolf_Kenya_Klaus,Africanwolf_SRR8049196_Ethiopia)59.65:0.5005419320203596)42.12:0.1406811959281015,((Coyote_SRR1518489_Illinois,Coyote_California)53.21:0.35294491312925186,((Tibetanwolf_BH1,(Tibetanwolf_BH4,(China_SRR20326479_Sichuan,(Tibetanwolf_MYL_SAMN12565073,(Wolf_Qinghai_CAN11,(Wolf_Qinghai_CAN16,(Wolf_Tibetan_CAN32,Wolf_Tibetan_CAN9A)46.11:0.2119164197794333)41.76:0.1343949798641122)43.11:0.15789987213339376)38.71:0.0834398821114422)41.96:0.13781972380920268)36.09:0.04171891173132694)40.88:0.11948307893143119,((((Wolf_Mexican1,(Wolf_AlaskanWolf,Wolf_Arctic_Ellesmere1)34.71:0.0202999460512336)37.52:0.0643137557100265,(((Wolf_Russia_MW524,Wolf_Russia_MW538)35.32:0.029706165746365303,(Wolf_Russia_SRR20326400,Wolf_Russia_SRR20326401)36.56:0.04906092524311373)35.83:0.03753912898941099,((Wolf_Mongolia_MW561,(Wolf_Mongolia_MW574,Wolf_Mongolia_MW588)34:0.009594019944603882)33.89:0.007799059595181533,(((Wolf_RussiaAtlai_GW1,Wolf_ChukotkaRussia_Wang_GW2)34.43:0.01608603289715633,(Wolf_Xinjiang_CAN30,Wolf_Xinjiang_CAN24)36.77:0.052366890465145685)33.89:0.007849718806823983,((Wolf_Shanxi2_SAMN03168395,Wolf_China_Shanxi1)53.12:0.35104423610730734,((Wolf_InnerMongolia_CAN6,(Wolf_China_LiaoNing,Wolf_InnerMongoliia_CAN7)34.09:0.01094786003434865)34.98:0.024541784705717985,(China_SRR20326491_Heilongjiang,(Wolf_China_InnerMong_Wang_GW4,Wolf_China_InnerMongoliaWolf)38.19:0.07509120042984661)35.99:0.04005686049255766)34.48:0.016810710005930242)34.46:0.01645416609686848)33.86:0.007392856304683844)34.25:0.013382794360932386)33.82:0.0068754554843255085)34.29:0.013863365651558365,(Wolf_Russia_SRR20326388,((Wolf_Kazakhstan_750117,(Wolf_Kazakhstan_750114-25D,Wolf_Kazakhstan_750119)48.83:0.263501274254567)34.62:0.01895533898259877,((Wolf_Italy_ItalianWolf_SAMN02921313,(Wolf_SierraMorena,(Wolf_Spain_Iberian,Wolf_Portugal)38.06:0.07295003810928288)37.68:0.06676595954413843)35.55:0.03325197300115539,((Wolf_Russia_750016,Wolf_Russia_7502882)33.43:8.882003473815184E-4,(((Wolf_Lithuania_MW020,Wolf_MW486_Russia)34.45:0.01638916066043539,(Wolf_Finland_MW347,Wolf_Norway_MW005)39.04:0.08886031124642081)34.08:0.01071931860796568,(Wolf_Russia_750125-33D,((Wolf_Ukraine_MW707,(Wolf_Russia_GW3,(Wolf_Austria_MW515,(Wolf_Czech_MW045,Wolf_Germany_MW055)34.68:0.019903012723469837)41.65:0.1325661115066811)34.37:0.015078538659668359)34.16:0.011984748038419368,(Wolf_Slovakia_MW339,(Wolf_MW062_Romania,((Wolf_Bosnia_MW703A,Wolf_Bulgaria_MW706A)94.61:2.4972812819289874,(Wolf_Croatia_MW1126,Wolf_Greece_MW1135)96.13:2.821351729469251)34.24:0.013239546172239052)33.81:0.006596819304773035)34.13:0.011462168658683153)33.56:0.0028786332189431525)33.91:0.008178806391803047)33.9:0.008026590464620073)34.17:0.012050921998867193)34.64:0.019321390112773156)34.48:0.01676054154249898)34.26:0.013433634228048847)34.61:0.01887521284504808,(((Wolf__Kyrgyz180,Wolf_Kyrgyz179)47.7:0.24174106614812546,((Wolf_Tajikisan_SRR20326383,((Wolf_Tajikistan_SRR20326384,Wolf_Tajikistan_SRR20326382)36.24:0.0439780574250788,(Wolf_Tajikistan_SRR20326381,(Wolf_Tajikistan_SRR20326250,(Wolf_Tajikistan_SRR20326251,Wolf_Tajikistan_SRR20326385)40.27:0.10926487202852786)35.03:0.025272298145391996)34.66:0.019529027474189817)34.17:0.012175469474094534)36.76:0.05214121755999143,((Wolf_Kyrgyzstan_SRR20326406,Wolf_Kazakhstan_SRR20326405)34.68:0.019812357613249634,((Wolf_Russia_SRR20326403,Wolf_Russia_SRR20326404)35.33:0.029852963149681503,(China_SRR20326483_Xinjiang,(China_SRR20326484_Xinjiang,China_SRR20326485_Xinjiang)35.03:0.025238009313337823)33.94:0.008679652639707854)33.55:0.0028186539901939476)34.38:0.015309465759215693)33.79:0.0063804013258579005)33.73:0.0054290872697976495,((Wolf_Turkey,(((Lebanonwolf,Wolf_Israel_S21_2743)36.77:0.05228257504878799,(Wolf_Syria,Wolf_SaudiArabia)37.46:0.06337337571640494)34.58:0.018409889340677266,(Wolf_GeneralIran,((Wolf_Iran_Hamadan,(Wolf_Iran_Kerman_SRR12009566,Wolf_Iran_Hajjiabad)75.94:1.015862939810801)33.79:0.006367633009753109,((Wolf_Iran_Tehran_SRR12009567,Wolf_Iran_Tehran_SRR20326410)50.72:0.3011079762861074,(Wolf_Iran_Tehran_SRR20326408,Wolf_Iran_Zanjan)34.35:0.014881823189620447)34.97:0.02436536843828301)34.29:0.013890311781149972)33.66:0.004367383334731115)34.43:0.016074831554233445)34.63:0.01917362529944982,(Wolf_Chitral_S21_1038,(Wolf_Chitral_S21_1042,((Wolf_Karakoram_S19_10678,Wolf_Karakoram_S19_10679)33.63:0.004000526689214531,(Wolf_Waziristan_S21_1041,(Wolf_Punjab_S21_1039,(Wolf_Kolhu_S21_1037,(Wolf_DGKhan_S19_10680,(Indianwolf_BH6,(Indianwolf_SRR13985171,(Indianwolf_BH124,(Indianwolf_BH123,Indianwolf_BH126)38.89:0.086337453103552)37.55:0.06476938490860157)39.87:0.10259803793144645)47.92:0.2460963811354116)39.3:0.0931114997726154)35.61:0.034154204532002116)37.51:0.06412793738946332)37.28:0.06042196417168836)34.04:0.010193389290400253)34.73:0.020685229239708953)36.58:0.04931776731650094)34.91:0.02340724045339424)34.5:0.017165419150218984)34.89:0.02315518221049811)52.85:0.3451734021189472)41.75:0.13416725645746677)62.04:0.5614618965401783)91.51:2.0500610684363645));
Weight calculation took 654.456555094 secs
ASTRAL finished in 1071.308 secs
